/var/log/alternatives.log
/var/log/apache2
/var/log/apache2/error.log
/var/log/apache2/access.log
/var/log/apache2/other_vhosts_access.log
/var/log/apache2/error.log.1
/var/log/apt
/var/log/apt/eipp.log.xz
/var/log/apt/term.log
/var/log/apt/history.log
/var/log/auth.log
/var/log/boot.log
/var/log/boot.log.1
/var/log/btmp
/var/log/cups
/var/log/cups/access_log.1
/var/log/cups/access_log
/var/log/daemon.log
/var/log/debug
/var/log/dpkg.log
/var/log/fail2ban.log
/var/log/faillog
/var/log/fontconfig.log
/var/log/gdm3
/var/log/installer
/var/log/installer/Xorg.0.log
/var/log/installer/partman
/var/log/installer/lsb-release
/var/log/installer/hardware-summary
/var/log/installer/status
/var/log/installer/syslog
/var/log/installer/cdebconf
/var/log/installer/cdebconf/templates.dat
/var/log/installer/cdebconf/questions.dat
/var/log/journal
/var/log/journal/d6e28226801f4a86bcf41f365fc0603b
/var/log/journal/d6e28226801f4a86bcf41f365fc0603b/system.journal
/var/log/journal/d6e28226801f4a86bcf41f365fc0603b/user-1001.journal
/var/log/journal/d6e28226801f4a86bcf41f365fc0603b/user-1000.journal
/var/log/kern.log
/var/log/lastlog
/var/log/messages
/var/log/mysql
/var/log/nginx
/var/log/nginx/error.log
/var/log/nginx/access.log
/var/log/private
/var/log/runit
/var/log/syslog
/var/log/ufw.log
/var/log/unattended-upgrades
/var/log/unattended-upgrades/unattended-upgrades-shutdown.log
/var/log/user.log
/var/log/wtmp
